{
  "RSpec": {
    "coverage": {
      "/Users/wbzyl/Repos/advprog/ztp/ReindeersSong/spec/reindeer_song_spec.rb": [
        1,
        null,
        1,
        8,
        null,
        1,
        1,
        1,
        null,
        null,
        1,
        null,
        null,
        1,
        1,
        null,
        null,
        1,
        null,
        null,
        1,
        1,
        null,
        null,
        1,
        null,
        null,
        1,
        1,
        null,
        null,
        1,
        null,
        null,
        null,
        1,
        1,
        1,
        null,
        null,
        1,
        null,
        null,
        1,
        1,
        null,
        null,
        1,
        null,
        null,
        null,
        1,
        1,
        1,
        null,
        null,
        1,
        null,
        null,
        null
      ],
      "/Users/wbzyl/Repos/advprog/ztp/ReindeersSong/lib/reindeers_song.rb": [
        1,
        1,
        1,
        null,
        null,
        1,
        16,
        null,
        null,
        1,
        null,
        null
      ]
    },
    "timestamp": 1513181088
  }
}
